sniffing on eth0
got a packet
###[ Ethernet ]### 
  dst       = 08:00:00:00:02:02
  src       = 08:00:00:00:02:00
  type      = IPv4
###[ IP ]### 
     version   = 4
     ihl       = 5
     tos       = 0x2
     len       = 38
     id        = 1
     flags     = 
     frag      = 0
     ttl       = 7
     proto     = udp
     chksum    = 0x9cc2
     src       = 10.0.1.1
     dst       = 10.0.2.2
     \options   \
###[ UDP ]### 
        sport     = 1234
        dport     = 4321
        len       = 18
        chksum    = 0xfd87
###[ Raw ]### 
           load      = 'p4 is nice'

got a packet
###[ Ethernet ]### 
  dst       = 08:00:00:00:02:02
  src       = 08:00:00:00:02:00
  type      = IPv4
###[ IP ]### 
     version   = 4
     ihl       = 5
     tos       = 0x2
     len       = 38
     id        = 1
     flags     = 
     frag      = 0
     ttl       = 7
     proto     = udp
     chksum    = 0x9cc2
     src       = 10.0.1.1
     dst       = 10.0.2.2
     \options   \
###[ UDP ]### 
        sport     = 1234
        dport     = 4321
        len       = 18
        chksum    = 0xfd87
###[ Raw ]### 
           load      = 'p4 is nice'

got a packet
###[ Ethernet ]### 
  dst       = 08:00:00:00:02:02
  src       = 08:00:00:00:02:00
  type      = IPv4
###[ IP ]### 
     version   = 4
     ihl       = 5
     tos       = 0x2
     len       = 38
     id        = 1
     flags     = 
     frag      = 0
     ttl       = 7
     proto     = udp
     chksum    = 0x9cc2
     src       = 10.0.1.1
     dst       = 10.0.2.2
     \options   \
###[ UDP ]### 
        sport     = 1234
        dport     = 4321
        len       = 18
        chksum    = 0xfd87
###[ Raw ]### 
           load      = 'p4 is nice'

got a packet
###[ Ethernet ]### 
  dst       = 08:00:00:00:02:02
  src       = 08:00:00:00:02:00
  type      = IPv4
###[ IP ]### 
     version   = 4
     ihl       = 5
     tos       = 0x2
     len       = 38
     id        = 1
     flags     = 
     frag      = 0
     ttl       = 7
     proto     = udp
     chksum    = 0x9cc2
     src       = 10.0.1.1
     dst       = 10.0.2.2
     \options   \
###[ UDP ]### 
        sport     = 1234
        dport     = 4321
        len       = 18
        chksum    = 0xfd87
###[ Raw ]### 
           load      = 'p4 is nice'

got a packet
###[ Ethernet ]### 
  dst       = 08:00:00:00:02:02
  src       = 08:00:00:00:02:00
  type      = IPv4
###[ IP ]### 
     version   = 4
     ihl       = 5
     tos       = 0x2
     len       = 38
     id        = 1
     flags     = 
     frag      = 0
     ttl       = 7
     proto     = udp
     chksum    = 0x9cc2
     src       = 10.0.1.1
     dst       = 10.0.2.2
     \options   \
###[ UDP ]### 
        sport     = 1234
        dport     = 4321
        len       = 18
        chksum    = 0xfd87
###[ Raw ]### 
           load      = 'p4 is nice'

